  [1m[35m (1.6ms)[0m  [1m[34mSELECT sqlite_version(*)[0m
  [1m[35m (1811.4ms)[0m  [1m[35mCREATE TABLE "schema_migrations" ("version" varchar NOT NULL PRIMARY KEY)[0m
  [1m[35m (114.7ms)[0m  [1m[35mCREATE TABLE "ar_internal_metadata" ("key" varchar NOT NULL PRIMARY KEY, "value" varchar, "created_at" datetime(6) NOT NULL, "updated_at" datetime(6) NOT NULL)[0m
  [1m[35m (0.3ms)[0m  [1m[34mSELECT "schema_migrations"."version" FROM "schema_migrations" ORDER BY "schema_migrations"."version" ASC[0m
Migrating to CreateGossips (20201022195249)
  [1m[35m (0.1ms)[0m  [1m[36mbegin transaction[0m
  [1m[35m (0.5ms)[0m  [1m[35mCREATE TABLE "gossips" ("id" integer PRIMARY KEY AUTOINCREMENT NOT NULL, "title" varchar, "content" text, "user_id" integer, "created_at" datetime(6) NOT NULL, "updated_at" datetime(6) NOT NULL)[0m
  [1m[35m (0.1ms)[0m  [1m[35mCREATE  INDEX "index_gossips_on_user_id" ON "gossips" ("user_id")[0m
  [1m[36mprimary::SchemaMigration Create (0.2ms)[0m  [1m[32mINSERT INTO "schema_migrations" ("version") VALUES (?)[0m  [["version", "20201022195249"]]
  [1m[35m (114.7ms)[0m  [1m[36mcommit transaction[0m
Migrating to CreateUsers (20201022195322)
  [1m[35m (0.1ms)[0m  [1m[36mbegin transaction[0m
  [1m[35m (0.7ms)[0m  [1m[35mCREATE TABLE "users" ("id" integer PRIMARY KEY AUTOINCREMENT NOT NULL, "first_name" varchar, "last_name" varchar, "description" text, "email" varchar, "age" integer, "city_id" integer, "created_at" datetime(6) NOT NULL, "updated_at" datetime(6) NOT NULL)[0m
  [1m[35m (0.3ms)[0m  [1m[35mCREATE  INDEX "index_users_on_city_id" ON "users" ("city_id")[0m
  [1m[36mprimary::SchemaMigration Create (0.2ms)[0m  [1m[32mINSERT INTO "schema_migrations" ("version") VALUES (?)[0m  [["version", "20201022195322"]]
  [1m[35m (89.8ms)[0m  [1m[36mcommit transaction[0m
Migrating to CreateCities (20201022195337)
  [1m[35m (0.1ms)[0m  [1m[36mbegin transaction[0m
  [1m[35m (0.3ms)[0m  [1m[35mCREATE TABLE "cities" ("id" integer PRIMARY KEY AUTOINCREMENT NOT NULL, "name" varchar, "zip_code" varchar, "created_at" datetime(6) NOT NULL, "updated_at" datetime(6) NOT NULL)[0m
  [1m[36mprimary::SchemaMigration Create (0.1ms)[0m  [1m[32mINSERT INTO "schema_migrations" ("version") VALUES (?)[0m  [["version", "20201022195337"]]
  [1m[35m (87.8ms)[0m  [1m[36mcommit transaction[0m
Migrating to CreateTags (20201022195351)
  [1m[35m (0.1ms)[0m  [1m[36mbegin transaction[0m
  [1m[35m (0.3ms)[0m  [1m[35mCREATE TABLE "tags" ("id" integer PRIMARY KEY AUTOINCREMENT NOT NULL, "title" varchar, "created_at" datetime(6) NOT NULL, "updated_at" datetime(6) NOT NULL)[0m
  [1m[36mprimary::SchemaMigration Create (0.2ms)[0m  [1m[32mINSERT INTO "schema_migrations" ("version") VALUES (?)[0m  [["version", "20201022195351"]]
  [1m[35m (110.8ms)[0m  [1m[36mcommit transaction[0m
Migrating to CreatePrivateMessages (20201022195648)
  [1m[35m (0.2ms)[0m  [1m[36mbegin transaction[0m
  [1m[35m (1.0ms)[0m  [1m[35mCREATE TABLE "private_messages" ("id" integer PRIMARY KEY AUTOINCREMENT NOT NULL, "content" text, "recipient_id" integer, "sender_id" integer, "created_at" datetime(6) NOT NULL, "updated_at" datetime(6) NOT NULL)[0m
  [1m[35m (0.5ms)[0m  [1m[35mCREATE  INDEX "index_private_messages_on_recipient_id" ON "private_messages" ("recipient_id")[0m
  [1m[35m (0.6ms)[0m  [1m[35mCREATE  INDEX "index_private_messages_on_sender_id" ON "private_messages" ("sender_id")[0m
  [1m[36mprimary::SchemaMigration Create (0.3ms)[0m  [1m[32mINSERT INTO "schema_migrations" ("version") VALUES (?)[0m  [["version", "20201022195648"]]
  [1m[35m (108.9ms)[0m  [1m[36mcommit transaction[0m
Migrating to CreateTagGossips (20201022200056)
  [1m[35m (0.1ms)[0m  [1m[36mbegin transaction[0m
  [1m[35m (0.5ms)[0m  [1m[35mCREATE TABLE "tag_gossips" ("id" integer PRIMARY KEY AUTOINCREMENT NOT NULL, "tag_id" integer, "gossip_id" integer, "created_at" datetime(6) NOT NULL, "updated_at" datetime(6) NOT NULL)[0m
  [1m[35m (0.2ms)[0m  [1m[35mCREATE  INDEX "index_tag_gossips_on_tag_id" ON "tag_gossips" ("tag_id")[0m
  [1m[35m (0.2ms)[0m  [1m[35mCREATE  INDEX "index_tag_gossips_on_gossip_id" ON "tag_gossips" ("gossip_id")[0m
  [1m[36mprimary::SchemaMigration Create (0.2ms)[0m  [1m[32mINSERT INTO "schema_migrations" ("version") VALUES (?)[0m  [["version", "20201022200056"]]
  [1m[35m (94.2ms)[0m  [1m[36mcommit transaction[0m
  [1m[36mActiveRecord::InternalMetadata Load (0.1ms)[0m  [1m[34mSELECT "ar_internal_metadata".* FROM "ar_internal_metadata" WHERE "ar_internal_metadata"."key" = ? LIMIT ?[0m  [["key", "environment"], ["LIMIT", 1]]
  [1m[35m (0.0ms)[0m  [1m[36mbegin transaction[0m
  [1m[36mActiveRecord::InternalMetadata Create (0.2ms)[0m  [1m[32mINSERT INTO "ar_internal_metadata" ("key", "value", "created_at", "updated_at") VALUES (?, ?, ?, ?)[0m  [["key", "environment"], ["value", "development"], ["created_at", "2020-10-22 20:03:11.867388"], ["updated_at", "2020-10-22 20:03:11.867388"]]
  [1m[35m (66.3ms)[0m  [1m[36mcommit transaction[0m
  [1m[35m (0.0ms)[0m  [1m[34mSELECT sqlite_version(*)[0m
  [1m[35m (0.1ms)[0m  [1m[34mSELECT "schema_migrations"."version" FROM "schema_migrations" ORDER BY "schema_migrations"."version" ASC[0m
  [1m[35m (0.3ms)[0m  [1m[34mSELECT sqlite_version(*)[0m
  [1m[35m (0.1ms)[0m  [1m[34mSELECT "schema_migrations"."version" FROM "schema_migrations" ORDER BY "schema_migrations"."version" ASC[0m
  [1m[35m (0.1ms)[0m  [1m[34mSELECT sqlite_version(*)[0m
  [1m[36mCity Load (0.1ms)[0m  [1m[34mSELECT "cities".* FROM "cities"[0m
  [1m[36mTag Load (0.2ms)[0m  [1m[34mSELECT "tags".* FROM "tags"[0m
  [1m[36mPrivateMessage Load (0.1ms)[0m  [1m[34mSELECT "private_messages".* FROM "private_messages"[0m
  [1m[36mUser Load (0.2ms)[0m  [1m[34mSELECT "users".* FROM "users"[0m
  [1m[36mGossip Load (0.1ms)[0m  [1m[34mSELECT "gossips".* FROM "gossips"[0m
  [1m[36mTagGossip Load (0.1ms)[0m  [1m[34mSELECT "tag_gossips".* FROM "tag_gossips"[0m
  [1m[35m (0.1ms)[0m  [1m[36mbegin transaction[0m
  [1m[36mCity Create (0.3ms)[0m  [1m[32mINSERT INTO "cities" ("name", "zip_code", "created_at", "updated_at") VALUES (?, ?, ?, ?)[0m  [["name", "Trumanshire"], ["zip_code", "44368"], ["created_at", "2020-10-22 20:03:25.943535"], ["updated_at", "2020-10-22 20:03:25.943535"]]
  [1m[35m (741.5ms)[0m  [1m[36mcommit transaction[0m
  [1m[35m (0.1ms)[0m  [1m[36mbegin transaction[0m
  [1m[36mCity Create (0.2ms)[0m  [1m[32mINSERT INTO "cities" ("name", "zip_code", "created_at", "updated_at") VALUES (?, ?, ?, ?)[0m  [["name", "West Stephane"], ["zip_code", "67867-6409"], ["created_at", "2020-10-22 20:03:26.693981"], ["updated_at", "2020-10-22 20:03:26.693981"]]
  [1m[35m (67.3ms)[0m  [1m[36mcommit transaction[0m
  [1m[35m (0.0ms)[0m  [1m[36mbegin transaction[0m
  [1m[36mCity Create (0.2ms)[0m  [1m[32mINSERT INTO "cities" ("name", "zip_code", "created_at", "updated_at") VALUES (?, ?, ?, ?)[0m  [["name", "North Lorenzo"], ["zip_code", "00500"], ["created_at", "2020-10-22 20:03:26.767558"], ["updated_at", "2020-10-22 20:03:26.767558"]]
  [1m[35m (67.1ms)[0m  [1m[36mcommit transaction[0m
  [1m[35m (0.1ms)[0m  [1m[36mbegin transaction[0m
  [1m[36mCity Create (0.2ms)[0m  [1m[32mINSERT INTO "cities" ("name", "zip_code", "created_at", "updated_at") VALUES (?, ?, ?, ?)[0m  [["name", "Port Everettville"], ["zip_code", "34195"], ["created_at", "2020-10-22 20:03:26.838800"], ["updated_at", "2020-10-22 20:03:26.838800"]]
  [1m[35m (70.9ms)[0m  [1m[36mcommit transaction[0m
  [1m[35m (0.1ms)[0m  [1m[36mbegin transaction[0m
  [1m[36mCity Create (0.2ms)[0m  [1m[32mINSERT INTO "cities" ("name", "zip_code", "created_at", "updated_at") VALUES (?, ?, ?, ?)[0m  [["name", "North Alejandraside"], ["zip_code", "39127-0621"], ["created_at", "2020-10-22 20:03:26.914389"], ["updated_at", "2020-10-22 20:03:26.914389"]]
  [1m[35m (69.7ms)[0m  [1m[36mcommit transaction[0m
  [1m[35m (0.1ms)[0m  [1m[36mbegin transaction[0m
  [1m[36mCity Create (0.6ms)[0m  [1m[32mINSERT INTO "cities" ("name", "zip_code", "created_at", "updated_at") VALUES (?, ?, ?, ?)[0m  [["name", "Jeraldtown"], ["zip_code", "80258-2048"], ["created_at", "2020-10-22 20:03:26.991759"], ["updated_at", "2020-10-22 20:03:26.991759"]]
  [1m[35m (71.2ms)[0m  [1m[36mcommit transaction[0m
  [1m[35m (0.1ms)[0m  [1m[36mbegin transaction[0m
  [1m[36mCity Create (0.2ms)[0m  [1m[32mINSERT INTO "cities" ("name", "zip_code", "created_at", "updated_at") VALUES (?, ?, ?, ?)[0m  [["name", "West Jeff"], ["zip_code", "45115-8543"], ["created_at", "2020-10-22 20:03:27.072147"], ["updated_at", "2020-10-22 20:03:27.072147"]]
  [1m[35m (62.1ms)[0m  [1m[36mcommit transaction[0m
  [1m[35m (0.1ms)[0m  [1m[36mbegin transaction[0m
  [1m[36mCity Create (0.4ms)[0m  [1m[32mINSERT INTO "cities" ("name", "zip_code", "created_at", "updated_at") VALUES (?, ?, ?, ?)[0m  [["name", "Arnoldland"], ["zip_code", "99191-7996"], ["created_at", "2020-10-22 20:03:27.139245"], ["updated_at", "2020-10-22 20:03:27.139245"]]
  [1m[35m (59.6ms)[0m  [1m[36mcommit transaction[0m
  [1m[35m (0.2ms)[0m  [1m[36mbegin transaction[0m
  [1m[36mCity Create (0.8ms)[0m  [1m[32mINSERT INTO "cities" ("name", "zip_code", "created_at", "updated_at") VALUES (?, ?, ?, ?)[0m  [["name", "Uptonside"], ["zip_code", "68100"], ["created_at", "2020-10-22 20:03:27.211068"], ["updated_at", "2020-10-22 20:03:27.211068"]]
  [1m[35m (72.3ms)[0m  [1m[36mcommit transaction[0m
  [1m[35m (0.1ms)[0m  [1m[36mbegin transaction[0m
  [1m[36mCity Create (0.6ms)[0m  [1m[32mINSERT INTO "cities" ("name", "zip_code", "created_at", "updated_at") VALUES (?, ?, ?, ?)[0m  [["name", "West Jordanbury"], ["zip_code", "53366-9962"], ["created_at", "2020-10-22 20:03:27.300071"], ["updated_at", "2020-10-22 20:03:27.300071"]]
  [1m[35m (67.3ms)[0m  [1m[36mcommit transaction[0m
  [1m[35m (0.0ms)[0m  [1m[36mbegin transaction[0m
  [1m[36mTag Create (0.2ms)[0m  [1m[32mINSERT INTO "tags" ("title", "created_at", "updated_at") VALUES (?, ?, ?)[0m  [["title", "est"], ["created_at", "2020-10-22 20:03:27.383312"], ["updated_at", "2020-10-22 20:03:27.383312"]]
  [1m[35m (77.2ms)[0m  [1m[36mcommit transaction[0m
  [1m[35m (0.0ms)[0m  [1m[36mbegin transaction[0m
  [1m[36mTag Create (0.2ms)[0m  [1m[32mINSERT INTO "tags" ("title", "created_at", "updated_at") VALUES (?, ?, ?)[0m  [["title", "exercitationem"], ["created_at", "2020-10-22 20:03:27.464262"], ["updated_at", "2020-10-22 20:03:27.464262"]]
  [1m[35m (71.0ms)[0m  [1m[36mcommit transaction[0m
  [1m[35m (0.2ms)[0m  [1m[36mbegin transaction[0m
  [1m[36mTag Create (0.8ms)[0m  [1m[32mINSERT INTO "tags" ("title", "created_at", "updated_at") VALUES (?, ?, ?)[0m  [["title", "velit"], ["created_at", "2020-10-22 20:03:27.544461"], ["updated_at", "2020-10-22 20:03:27.544461"]]
  [1m[35m (91.2ms)[0m  [1m[36mcommit transaction[0m
  [1m[35m (0.1ms)[0m  [1m[36mbegin transaction[0m
  [1m[36mTag Create (0.4ms)[0m  [1m[32mINSERT INTO "tags" ("title", "created_at", "updated_at") VALUES (?, ?, ?)[0m  [["title", "minima"], ["created_at", "2020-10-22 20:03:27.649474"], ["updated_at", "2020-10-22 20:03:27.649474"]]
  [1m[35m (73.6ms)[0m  [1m[36mcommit transaction[0m
  [1m[35m (0.1ms)[0m  [1m[36mbegin transaction[0m
  [1m[36mTag Create (0.2ms)[0m  [1m[32mINSERT INTO "tags" ("title", "created_at", "updated_at") VALUES (?, ?, ?)[0m  [["title", "quos"], ["created_at", "2020-10-22 20:03:27.730669"], ["updated_at", "2020-10-22 20:03:27.730669"]]
  [1m[35m (79.1ms)[0m  [1m[36mcommit transaction[0m
  [1m[35m (0.0ms)[0m  [1m[36mbegin transaction[0m
  [1m[36mTag Create (0.2ms)[0m  [1m[32mINSERT INTO "tags" ("title", "created_at", "updated_at") VALUES (?, ?, ?)[0m  [["title", "nam"], ["created_at", "2020-10-22 20:03:27.814216"], ["updated_at", "2020-10-22 20:03:27.814216"]]
  [1m[35m (70.7ms)[0m  [1m[36mcommit transaction[0m
  [1m[35m (0.2ms)[0m  [1m[36mbegin transaction[0m
  [1m[36mTag Create (0.8ms)[0m  [1m[32mINSERT INTO "tags" ("title", "created_at", "updated_at") VALUES (?, ?, ?)[0m  [["title", "magnam"], ["created_at", "2020-10-22 20:03:27.894369"], ["updated_at", "2020-10-22 20:03:27.894369"]]
  [1m[35m (74.4ms)[0m  [1m[36mcommit transaction[0m
  [1m[35m (0.0ms)[0m  [1m[36mbegin transaction[0m
  [1m[36mTag Create (0.2ms)[0m  [1m[32mINSERT INTO "tags" ("title", "created_at", "updated_at") VALUES (?, ?, ?)[0m  [["title", "ducimus"], ["created_at", "2020-10-22 20:03:27.981285"], ["updated_at", "2020-10-22 20:03:27.981285"]]
  [1m[35m (78.8ms)[0m  [1m[36mcommit transaction[0m
  [1m[35m (0.1ms)[0m  [1m[36mbegin transaction[0m
  [1m[36mTag Create (0.3ms)[0m  [1m[32mINSERT INTO "tags" ("title", "created_at", "updated_at") VALUES (?, ?, ?)[0m  [["title", "aut"], ["created_at", "2020-10-22 20:03:28.064291"], ["updated_at", "2020-10-22 20:03:28.064291"]]
  [1m[35m (78.0ms)[0m  [1m[36mcommit transaction[0m
  [1m[35m (0.1ms)[0m  [1m[36mbegin transaction[0m
  [1m[36mTag Create (0.5ms)[0m  [1m[32mINSERT INTO "tags" ("title", "created_at", "updated_at") VALUES (?, ?, ?)[0m  [["title", "doloremque"], ["created_at", "2020-10-22 20:03:28.151841"], ["updated_at", "2020-10-22 20:03:28.151841"]]
  [1m[35m (69.9ms)[0m  [1m[36mcommit transaction[0m
  [1m[35m (0.0ms)[0m  [1m[36mbegin transaction[0m
  [1m[36mPrivateMessage Create (0.2ms)[0m  [1m[32mINSERT INTO "private_messages" ("content", "created_at", "updated_at") VALUES (?, ?, ?)[0m  [["content", "Quia et quisquam. Ad inventore vero. Sunt quam et."], ["created_at", "2020-10-22 20:03:28.235551"], ["updated_at", "2020-10-22 20:03:28.235551"]]
  [1m[35m (75.5ms)[0m  [1m[36mcommit transaction[0m
  [1m[35m (0.1ms)[0m  [1m[36mbegin transaction[0m
  [1m[36mPrivateMessage Create (0.3ms)[0m  [1m[32mINSERT INTO "private_messages" ("content", "created_at", "updated_at") VALUES (?, ?, ?)[0m  [["content", "Ipsum architecto doloribus. A quaerat libero. Necessitatibus perspiciatis sint."], ["created_at", "2020-10-22 20:03:28.315645"], ["updated_at", "2020-10-22 20:03:28.315645"]]
  [1m[35m (69.1ms)[0m  [1m[36mcommit transaction[0m
  [1m[35m (0.2ms)[0m  [1m[36mbegin transaction[0m
  [1m[36mPrivateMessage Create (0.6ms)[0m  [1m[32mINSERT INTO "private_messages" ("content", "created_at", "updated_at") VALUES (?, ?, ?)[0m  [["content", "Aut vel ea. Quibusdam dolor consequatur. Animi optio quo."], ["created_at", "2020-10-22 20:03:28.395891"], ["updated_at", "2020-10-22 20:03:28.395891"]]
  [1m[35m (74.3ms)[0m  [1m[36mcommit transaction[0m
  [1m[35m (0.1ms)[0m  [1m[36mbegin transaction[0m
  [1m[36mPrivateMessage Create (0.2ms)[0m  [1m[32mINSERT INTO "private_messages" ("content", "created_at", "updated_at") VALUES (?, ?, ?)[0m  [["content", "Quia quis voluptas. Aut eum ut. At quia non."], ["created_at", "2020-10-22 20:03:28.481813"], ["updated_at", "2020-10-22 20:03:28.481813"]]
  [1m[35m (70.6ms)[0m  [1m[36mcommit transaction[0m
  [1m[35m (0.1ms)[0m  [1m[36mbegin transaction[0m
  [1m[36mPrivateMessage Create (0.3ms)[0m  [1m[32mINSERT INTO "private_messages" ("content", "created_at", "updated_at") VALUES (?, ?, ?)[0m  [["content", "Aut placeat quam. Et blanditiis aut. Non nostrum occaecati."], ["created_at", "2020-10-22 20:03:28.556810"], ["updated_at", "2020-10-22 20:03:28.556810"]]
  [1m[35m (70.6ms)[0m  [1m[36mcommit transaction[0m
  [1m[35m (0.1ms)[0m  [1m[36mbegin transaction[0m
  [1m[36mPrivateMessage Create (0.6ms)[0m  [1m[32mINSERT INTO "private_messages" ("content", "created_at", "updated_at") VALUES (?, ?, ?)[0m  [["content", "Nam earum praesentium. Quis ipsum delectus. Atque quam qui."], ["created_at", "2020-10-22 20:03:28.637840"], ["updated_at", "2020-10-22 20:03:28.637840"]]
  [1m[35m (74.1ms)[0m  [1m[36mcommit transaction[0m
  [1m[35m (0.1ms)[0m  [1m[36mbegin transaction[0m
  [1m[36mPrivateMessage Create (0.3ms)[0m  [1m[32mINSERT INTO "private_messages" ("content", "created_at", "updated_at") VALUES (?, ?, ?)[0m  [["content", "Earum architecto at. Dolor mollitia itaque. Omnis dolorem eaque."], ["created_at", "2020-10-22 20:03:28.723157"], ["updated_at", "2020-10-22 20:03:28.723157"]]
  [1m[35m (77.3ms)[0m  [1m[36mcommit transaction[0m
  [1m[35m (0.1ms)[0m  [1m[36mbegin transaction[0m
  [1m[36mPrivateMessage Create (0.3ms)[0m  [1m[32mINSERT INTO "private_messages" ("content", "created_at", "updated_at") VALUES (?, ?, ?)[0m  [["content", "Sit quos ut. Non est consequatur. Blanditiis in eveniet."], ["created_at", "2020-10-22 20:03:28.806611"], ["updated_at", "2020-10-22 20:03:28.806611"]]
  [1m[35m (72.7ms)[0m  [1m[36mcommit transaction[0m
  [1m[35m (0.1ms)[0m  [1m[36mbegin transaction[0m
  [1m[36mPrivateMessage Create (1.0ms)[0m  [1m[32mINSERT INTO "private_messages" ("content", "created_at", "updated_at") VALUES (?, ?, ?)[0m  [["content", "Laudantium expedita qui. Itaque est facilis. Impedit ab ea."], ["created_at", "2020-10-22 20:03:28.888163"], ["updated_at", "2020-10-22 20:03:28.888163"]]
  [1m[35m (84.0ms)[0m  [1m[36mcommit transaction[0m
  [1m[35m (0.1ms)[0m  [1m[36mbegin transaction[0m
  [1m[36mPrivateMessage Create (0.3ms)[0m  [1m[32mINSERT INTO "private_messages" ("content", "created_at", "updated_at") VALUES (?, ?, ?)[0m  [["content", "Sunt magnam ipsum. Ut dolorem reiciendis. Voluptatem odio consequuntur."], ["created_at", "2020-10-22 20:03:28.990851"], ["updated_at", "2020-10-22 20:03:28.990851"]]
  [1m[35m (67.4ms)[0m  [1m[36mcommit transaction[0m
  [1m[35m (0.1ms)[0m  [1m[36mbegin transaction[0m
  [1m[36mPrivateMessage Create (0.3ms)[0m  [1m[32mINSERT INTO "private_messages" ("content", "created_at", "updated_at") VALUES (?, ?, ?)[0m  [["content", "Et beatae molestiae. Quasi maiores illo. Dignissimos cumque eum."], ["created_at", "2020-10-22 20:03:29.065181"], ["updated_at", "2020-10-22 20:03:29.065181"]]
  [1m[35m (87.0ms)[0m  [1m[36mcommit transaction[0m
  [1m[35m (0.0ms)[0m  [1m[36mbegin transaction[0m
  [1m[36mPrivateMessage Create (0.2ms)[0m  [1m[32mINSERT INTO "private_messages" ("content", "created_at", "updated_at") VALUES (?, ?, ?)[0m  [["content", "Atque numquam et. Est aut consectetur. Qui necessitatibus consequatur."], ["created_at", "2020-10-22 20:03:29.156158"], ["updated_at", "2020-10-22 20:03:29.156158"]]
  [1m[35m (62.7ms)[0m  [1m[36mcommit transaction[0m
  [1m[35m (0.1ms)[0m  [1m[36mbegin transaction[0m
  [1m[36mPrivateMessage Create (0.4ms)[0m  [1m[32mINSERT INTO "private_messages" ("content", "created_at", "updated_at") VALUES (?, ?, ?)[0m  [["content", "Animi et molestiae. Quis earum repellat. Delectus doloribus fuga."], ["created_at", "2020-10-22 20:03:29.224489"], ["updated_at", "2020-10-22 20:03:29.224489"]]
  [1m[35m (85.1ms)[0m  [1m[36mcommit transaction[0m
  [1m[35m (0.0ms)[0m  [1m[36mbegin transaction[0m
  [1m[36mPrivateMessage Create (0.2ms)[0m  [1m[32mINSERT INTO "private_messages" ("content", "created_at", "updated_at") VALUES (?, ?, ?)[0m  [["content", "Quia temporibus facilis. Unde libero est. Vel inventore quis."], ["created_at", "2020-10-22 20:03:29.314471"], ["updated_at", "2020-10-22 20:03:29.314471"]]
  [1m[35m (79.5ms)[0m  [1m[36mcommit transaction[0m
  [1m[35m (0.1ms)[0m  [1m[36mbegin transaction[0m
  [1m[36mPrivateMessage Create (0.3ms)[0m  [1m[32mINSERT INTO "private_messages" ("content", "created_at", "updated_at") VALUES (?, ?, ?)[0m  [["content", "Quos rem quia. Est necessitatibus dolor. Aperiam cumque ad."], ["created_at", "2020-10-22 20:03:29.399107"], ["updated_at", "2020-10-22 20:03:29.399107"]]
  [1m[35m (75.6ms)[0m  [1m[36mcommit transaction[0m
  [1m[35m (0.1ms)[0m  [1m[36mbegin transaction[0m
  [1m[36mPrivateMessage Create (0.4ms)[0m  [1m[32mINSERT INTO "private_messages" ("content", "created_at", "updated_at") VALUES (?, ?, ?)[0m  [["content", "Et quis alias. Aut beatae quia. Eius aut deserunt."], ["created_at", "2020-10-22 20:03:29.482933"], ["updated_at", "2020-10-22 20:03:29.482933"]]
  [1m[35m (75.2ms)[0m  [1m[36mcommit transaction[0m
  [1m[35m (0.1ms)[0m  [1m[36mbegin transaction[0m
  [1m[36mPrivateMessage Create (0.5ms)[0m  [1m[32mINSERT INTO "private_messages" ("content", "created_at", "updated_at") VALUES (?, ?, ?)[0m  [["content", "Cum dolorum quos. Quas suscipit ad. Ratione aut ipsam."], ["created_at", "2020-10-22 20:03:29.565885"], ["updated_at", "2020-10-22 20:03:29.565885"]]
  [1m[35m (74.8ms)[0m  [1m[36mcommit transaction[0m
  [1m[35m (0.1ms)[0m  [1m[36mbegin transaction[0m
  [1m[36mPrivateMessage Create (0.3ms)[0m  [1m[32mINSERT INTO "private_messages" ("content", "created_at", "updated_at") VALUES (?, ?, ?)[0m  [["content", "Iusto rerum vero. Alias vitae molestiae. Quis distinctio in."], ["created_at", "2020-10-22 20:03:29.647960"], ["updated_at", "2020-10-22 20:03:29.647960"]]
  [1m[35m (70.7ms)[0m  [1m[36mcommit transaction[0m
  [1m[35m (0.1ms)[0m  [1m[36mbegin transaction[0m
  [1m[36mPrivateMessage Create (0.4ms)[0m  [1m[32mINSERT INTO "private_messages" ("content", "created_at", "updated_at") VALUES (?, ?, ?)[0m  [["content", "Odit doloribus est. Consequatur illo recusandae. Ut id voluptas."], ["created_at", "2020-10-22 20:03:29.724971"], ["updated_at", "2020-10-22 20:03:29.724971"]]
  [1m[35m (75.5ms)[0m  [1m[36mcommit transaction[0m
  [1m[35m (0.0ms)[0m  [1m[36mbegin transaction[0m
  [1m[36mPrivateMessage Create (0.3ms)[0m  [1m[32mINSERT INTO "private_messages" ("content", "created_at", "updated_at") VALUES (?, ?, ?)[0m  [["content", "Quod in mollitia. Tempore libero et. Sunt molestias deserunt."], ["created_at", "2020-10-22 20:03:29.806210"], ["updated_at", "2020-10-22 20:03:29.806210"]]
  [1m[35m (70.9ms)[0m  [1m[36mcommit transaction[0m
  [1m[36mCity Load (0.1ms)[0m  [1m[34mSELECT "cities".* FROM "cities"[0m
  [1m[35m (0.0ms)[0m  [1m[36mbegin transaction[0m
  [1m[36mUser Create (0.2ms)[0m  [1m[32mINSERT INTO "users" ("first_name", "last_name", "description", "email", "age", "city_id", "created_at", "updated_at") VALUES (?, ?, ?, ?, ?, ?, ?, ?)[0m  [["first_name", "Lou"], ["last_name", "Schmidt"], ["description", "Quaerat quis quia nobis."], ["email", "stanley@kulas.com"], ["age", 556], ["city_id", 2], ["created_at", "2020-10-22 20:03:29.888646"], ["updated_at", "2020-10-22 20:03:29.888646"]]
  [1m[35m (62.7ms)[0m  [1m[36mcommit transaction[0m
  [1m[36mCity Load (0.4ms)[0m  [1m[34mSELECT "cities".* FROM "cities"[0m
  [1m[35m (0.1ms)[0m  [1m[36mbegin transaction[0m
  [1m[36mUser Create (0.5ms)[0m  [1m[32mINSERT INTO "users" ("first_name", "last_name", "description", "email", "age", "city_id", "created_at", "updated_at") VALUES (?, ?, ?, ?, ?, ?, ?, ?)[0m  [["first_name", "Joey"], ["last_name", "Hermann"], ["description", "Quis neque molestiae et."], ["email", "tomi_bartoletti@murphy.co"], ["age", 2923], ["city_id", 8], ["created_at", "2020-10-22 20:03:29.969970"], ["updated_at", "2020-10-22 20:03:29.969970"]]
  [1m[35m (69.3ms)[0m  [1m[36mcommit transaction[0m
  [1m[36mCity Load (0.3ms)[0m  [1m[34mSELECT "cities".* FROM "cities"[0m
  [1m[35m (0.2ms)[0m  [1m[36mbegin transaction[0m
  [1m[36mUser Create (0.9ms)[0m  [1m[32mINSERT INTO "users" ("first_name", "last_name", "description", "email", "age", "city_id", "created_at", "updated_at") VALUES (?, ?, ?, ?, ?, ?, ?, ?)[0m  [["first_name", "Gabriele"], ["last_name", "Schaden"], ["description", "Quia et est sint."], ["email", "dominque.von@pfeffer-wiegand.net"], ["age", 2615], ["city_id", 4], ["created_at", "2020-10-22 20:03:30.057769"], ["updated_at", "2020-10-22 20:03:30.057769"]]
  [1m[35m (60.4ms)[0m  [1m[36mcommit transaction[0m
  [1m[36mCity Load (0.1ms)[0m  [1m[34mSELECT "cities".* FROM "cities"[0m
  [1m[35m (0.0ms)[0m  [1m[36mbegin transaction[0m
  [1m[36mUser Create (0.2ms)[0m  [1m[32mINSERT INTO "users" ("first_name", "last_name", "description", "email", "age", "city_id", "created_at", "updated_at") VALUES (?, ?, ?, ?, ?, ?, ?, ?)[0m  [["first_name", "Shera"], ["last_name", "Williamson"], ["description", "Corrupti minus laudantium itaque."], ["email", "augustus@kovacek-okuneva.io"], ["age", 4992], ["city_id", 3], ["created_at", "2020-10-22 20:03:30.132204"], ["updated_at", "2020-10-22 20:03:30.132204"]]
  [1m[35m (60.6ms)[0m  [1m[36mcommit transaction[0m
  [1m[36mCity Load (0.1ms)[0m  [1m[34mSELECT "cities".* FROM "cities"[0m
  [1m[35m (0.0ms)[0m  [1m[36mbegin transaction[0m
  [1m[36mUser Create (0.2ms)[0m  [1m[32mINSERT INTO "users" ("first_name", "last_name", "description", "email", "age", "city_id", "created_at", "updated_at") VALUES (?, ?, ?, ?, ?, ?, ?, ?)[0m  [["first_name", "Gillian"], ["last_name", "Kihn"], ["description", "Est qui sint rerum."], ["email", "al.pfeffer@hammes-wolff.net"], ["age", 2472], ["city_id", 2], ["created_at", "2020-10-22 20:03:30.199255"], ["updated_at", "2020-10-22 20:03:30.199255"]]
  [1m[35m (77.3ms)[0m  [1m[36mcommit transaction[0m
  [1m[36mCity Load (0.4ms)[0m  [1m[34mSELECT "cities".* FROM "cities"[0m
  [1m[35m (0.2ms)[0m  [1m[36mbegin transaction[0m
  [1m[36mUser Create (1.0ms)[0m  [1m[32mINSERT INTO "users" ("first_name", "last_name", "description", "email", "age", "city_id", "created_at", "updated_at") VALUES (?, ?, ?, ?, ?, ?, ?, ?)[0m  [["first_name", "Ozell"], ["last_name", "Bashirian"], ["description", "Maiores adipisci odio molestiae."], ["email", "gracia.goyette@senger.info"], ["age", 4567], ["city_id", 1], ["created_at", "2020-10-22 20:03:30.293551"], ["updated_at", "2020-10-22 20:03:30.293551"]]
  [1m[35m (73.2ms)[0m  [1m[36mcommit transaction[0m
  [1m[36mCity Load (0.2ms)[0m  [1m[34mSELECT "cities".* FROM "cities"[0m
  [1m[35m (0.0ms)[0m  [1m[36mbegin transaction[0m
  [1m[36mUser Create (0.3ms)[0m  [1m[32mINSERT INTO "users" ("first_name", "last_name", "description", "email", "age", "city_id", "created_at", "updated_at") VALUES (?, ?, ?, ?, ?, ?, ?, ?)[0m  [["first_name", "Manie"], ["last_name", "Orn"], ["description", "Ut corporis delectus architecto."], ["email", "lue_lebsack@corkery.co"], ["age", 960], ["city_id", 3], ["created_at", "2020-10-22 20:03:30.382682"], ["updated_at", "2020-10-22 20:03:30.382682"]]
  [1m[35m (77.6ms)[0m  [1m[36mcommit transaction[0m
  [1m[36mCity Load (0.4ms)[0m  [1m[34mSELECT "cities".* FROM "cities"[0m
  [1m[35m (0.2ms)[0m  [1m[36mbegin transaction[0m
  [1m[36mUser Create (0.9ms)[0m  [1m[32mINSERT INTO "users" ("first_name", "last_name", "description", "email", "age", "city_id", "created_at", "updated_at") VALUES (?, ?, ?, ?, ?, ?, ?, ?)[0m  [["first_name", "Shannon"], ["last_name", "Smith"], ["description", "Officiis consequatur ut aliquam."], ["email", "mckinley@turner.org"], ["age", 2530], ["city_id", 10], ["created_at", "2020-10-22 20:03:30.474540"], ["updated_at", "2020-10-22 20:03:30.474540"]]
  [1m[35m (77.1ms)[0m  [1m[36mcommit transaction[0m
  [1m[36mCity Load (0.1ms)[0m  [1m[34mSELECT "cities".* FROM "cities"[0m
  [1m[35m (0.0ms)[0m  [1m[36mbegin transaction[0m
  [1m[36mUser Create (0.2ms)[0m  [1m[32mINSERT INTO "users" ("first_name", "last_name", "description", "email", "age", "city_id", "created_at", "updated_at") VALUES (?, ?, ?, ?, ?, ?, ?, ?)[0m  [["first_name", "Renato"], ["last_name", "Murphy"], ["description", "Laborum sit beatae culpa."], ["email", "kattie.stoltenberg@will.biz"], ["age", 1481], ["city_id", 10], ["created_at", "2020-10-22 20:03:30.565400"], ["updated_at", "2020-10-22 20:03:30.565400"]]
  [1m[35m (69.5ms)[0m  [1m[36mcommit transaction[0m
  [1m[36mCity Load (0.1ms)[0m  [1m[34mSELECT "cities".* FROM "cities"[0m
  [1m[35m (0.0ms)[0m  [1m[36mbegin transaction[0m
  [1m[36mUser Create (0.2ms)[0m  [1m[32mINSERT INTO "users" ("first_name", "last_name", "description", "email", "age", "city_id", "created_at", "updated_at") VALUES (?, ?, ?, ?, ?, ?, ?, ?)[0m  [["first_name", "Leandro"], ["last_name", "Braun"], ["description", "Optio repudiandae odio totam."], ["email", "jackqueline@stark.io"], ["age", 4380], ["city_id", 7], ["created_at", "2020-10-22 20:03:30.640391"], ["updated_at", "2020-10-22 20:03:30.640391"]]
  [1m[35m (63.2ms)[0m  [1m[36mcommit transaction[0m
  [1m[36mUser Load (0.5ms)[0m  [1m[34mSELECT "users".* FROM "users"[0m
  [1m[35m (0.1ms)[0m  [1m[36mbegin transaction[0m
  [1m[36mGossip Create (0.5ms)[0m  [1m[32mINSERT INTO "gossips" ("title", "content", "user_id", "created_at", "updated_at") VALUES (?, ?, ?, ?, ?)[0m  [["title", "Necessitatibus ullam sit incidunt."], ["content", "Et veritatis aut. Nobis omnis est. Voluptas qui voluptas."], ["user_id", 9], ["created_at", "2020-10-22 20:03:30.739196"], ["updated_at", "2020-10-22 20:03:30.739196"]]
  [1m[35m (75.6ms)[0m  [1m[36mcommit transaction[0m
  [1m[36mUser Load (0.2ms)[0m  [1m[34mSELECT "users".* FROM "users"[0m
  [1m[35m (0.1ms)[0m  [1m[36mbegin transaction[0m
  [1m[36mGossip Create (0.5ms)[0m  [1m[32mINSERT INTO "gossips" ("title", "content", "user_id", "created_at", "updated_at") VALUES (?, ?, ?, ?, ?)[0m  [["title", "Delectus et saepe itaque."], ["content", "Excepturi voluptatum molestiae. Laudantium qui perspiciatis. Culpa aut perspiciatis."], ["user_id", 6], ["created_at", "2020-10-22 20:03:30.826639"], ["updated_at", "2020-10-22 20:03:30.826639"]]
  [1m[35m (62.1ms)[0m  [1m[36mcommit transaction[0m
  [1m[36mUser Load (0.2ms)[0m  [1m[34mSELECT "users".* FROM "users"[0m
  [1m[35m (0.0ms)[0m  [1m[36mbegin transaction[0m
  [1m[36mGossip Create (0.2ms)[0m  [1m[32mINSERT INTO "gossips" ("title", "content", "user_id", "created_at", "updated_at") VALUES (?, ?, ?, ?, ?)[0m  [["title", "Ea dolorem est delectus."], ["content", "Nesciunt est sint. Facilis consequatur dolores. Corrupti explicabo consequuntur."], ["user_id", 9], ["created_at", "2020-10-22 20:03:30.898306"], ["updated_at", "2020-10-22 20:03:30.898306"]]
  [1m[35m (61.5ms)[0m  [1m[36mcommit transaction[0m
  [1m[36mUser Load (0.1ms)[0m  [1m[34mSELECT "users".* FROM "users"[0m
  [1m[35m (0.0ms)[0m  [1m[36mbegin transaction[0m
  [1m[36mGossip Create (0.2ms)[0m  [1m[32mINSERT INTO "gossips" ("title", "content", "user_id", "created_at", "updated_at") VALUES (?, ?, ?, ?, ?)[0m  [["title", "Repellat voluptatem est accusamus."], ["content", "Optio neque sunt. Dolor enim et. Et ut ea."], ["user_id", 10], ["created_at", "2020-10-22 20:03:30.965008"], ["updated_at", "2020-10-22 20:03:30.965008"]]
  [1m[35m (66.4ms)[0m  [1m[36mcommit transaction[0m
  [1m[36mUser Load (0.6ms)[0m  [1m[34mSELECT "users".* FROM "users"[0m
  [1m[35m (0.2ms)[0m  [1m[36mbegin transaction[0m
  [1m[36mGossip Create (1.1ms)[0m  [1m[32mINSERT INTO "gossips" ("title", "content", "user_id", "created_at", "updated_at") VALUES (?, ?, ?, ?, ?)[0m  [["title", "Ut ullam illo facere."], ["content", "Ab iusto autem. Ullam ipsum sit. Quae quia atque."], ["user_id", 3], ["created_at", "2020-10-22 20:03:31.046681"], ["updated_at", "2020-10-22 20:03:31.046681"]]
  [1m[35m (68.2ms)[0m  [1m[36mcommit transaction[0m
  [1m[36mUser Load (0.4ms)[0m  [1m[34mSELECT "users".* FROM "users"[0m
  [1m[35m (0.2ms)[0m  [1m[36mbegin transaction[0m
  [1m[36mGossip Create (1.1ms)[0m  [1m[32mINSERT INTO "gossips" ("title", "content", "user_id", "created_at", "updated_at") VALUES (?, ?, ?, ?, ?)[0m  [["title", "Non ea est delectus."], ["content", "Temporibus nihil qui. Debitis blanditiis vel. Iusto architecto non."], ["user_id", 3], ["created_at", "2020-10-22 20:03:31.141073"], ["updated_at", "2020-10-22 20:03:31.141073"]]
  [1m[35m (66.2ms)[0m  [1m[36mcommit transaction[0m
  [1m[36mUser Load (0.2ms)[0m  [1m[34mSELECT "users".* FROM "users"[0m
  [1m[35m (0.1ms)[0m  [1m[36mbegin transaction[0m
  [1m[36mGossip Create (0.2ms)[0m  [1m[32mINSERT INTO "gossips" ("title", "content", "user_id", "created_at", "updated_at") VALUES (?, ?, ?, ?, ?)[0m  [["title", "Tempore asperiores dignissimos ipsam."], ["content", "Impedit tenetur soluta. Quidem magnam ipsum. Consectetur in et."], ["user_id", 3], ["created_at", "2020-10-22 20:03:31.223900"], ["updated_at", "2020-10-22 20:03:31.223900"]]
  [1m[35m (68.3ms)[0m  [1m[36mcommit transaction[0m
  [1m[36mUser Load (0.1ms)[0m  [1m[34mSELECT "users".* FROM "users"[0m
  [1m[35m (0.1ms)[0m  [1m[36mbegin transaction[0m
  [1m[36mGossip Create (0.2ms)[0m  [1m[32mINSERT INTO "gossips" ("title", "content", "user_id", "created_at", "updated_at") VALUES (?, ?, ?, ?, ?)[0m  [["title", "Aut deleniti quidem voluptatem."], ["content", "Assumenda et tenetur. Dolorum repudiandae quia. Libero occaecati necessitatibus."], ["user_id", 5], ["created_at", "2020-10-22 20:03:31.299016"], ["updated_at", "2020-10-22 20:03:31.299016"]]
  [1m[35m (60.5ms)[0m  [1m[36mcommit transaction[0m
  [1m[36mUser Load (0.6ms)[0m  [1m[34mSELECT "users".* FROM "users"[0m
  [1m[35m (0.2ms)[0m  [1m[36mbegin transaction[0m
  [1m[36mGossip Create (0.9ms)[0m  [1m[32mINSERT INTO "gossips" ("title", "content", "user_id", "created_at", "updated_at") VALUES (?, ?, ?, ?, ?)[0m  [["title", "Sed ipsa quos accusamus."], ["content", "Ipsum ut ut. Repellat nulla magnam. Qui ut reprehenderit."], ["user_id", 5], ["created_at", "2020-10-22 20:03:31.384278"], ["updated_at", "2020-10-22 20:03:31.384278"]]
  [1m[35m (72.3ms)[0m  [1m[36mcommit transaction[0m
  [1m[36mUser Load (0.1ms)[0m  [1m[34mSELECT "users".* FROM "users"[0m
  [1m[35m (0.1ms)[0m  [1m[36mbegin transaction[0m
  [1m[36mGossip Create (0.3ms)[0m  [1m[32mINSERT INTO "gossips" ("title", "content", "user_id", "created_at", "updated_at") VALUES (?, ?, ?, ?, ?)[0m  [["title", "Sed et vitae illum."], ["content", "Consequuntur eaque et. Iste tempora earum. Quae in eaque."], ["user_id", 1], ["created_at", "2020-10-22 20:03:31.473609"], ["updated_at", "2020-10-22 20:03:31.473609"]]
  [1m[35m (61.4ms)[0m  [1m[36mcommit transaction[0m
  [1m[36mUser Load (0.1ms)[0m  [1m[34mSELECT "users".* FROM "users"[0m
  [1m[35m (0.0ms)[0m  [1m[36mbegin transaction[0m
  [1m[36mGossip Create (0.2ms)[0m  [1m[32mINSERT INTO "gossips" ("title", "content", "user_id", "created_at", "updated_at") VALUES (?, ?, ?, ?, ?)[0m  [["title", "Qui quo dolorem sint."], ["content", "Numquam eos repellat. Et et dignissimos. Qui perferendis similique."], ["user_id", 4], ["created_at", "2020-10-22 20:03:31.541007"], ["updated_at", "2020-10-22 20:03:31.541007"]]
  [1m[35m (85.5ms)[0m  [1m[36mcommit transaction[0m
  [1m[36mUser Load (0.3ms)[0m  [1m[34mSELECT "users".* FROM "users"[0m
  [1m[35m (0.1ms)[0m  [1m[36mbegin transaction[0m
  [1m[36mGossip Create (0.6ms)[0m  [1m[32mINSERT INTO "gossips" ("title", "content", "user_id", "created_at", "updated_at") VALUES (?, ?, ?, ?, ?)[0m  [["title", "Reiciendis sit porro nulla."], ["content", "Unde recusandae dolorum. Aut quo nostrum. Tempore quis nihil."], ["user_id", 4], ["created_at", "2020-10-22 20:03:31.641168"], ["updated_at", "2020-10-22 20:03:31.641168"]]
  [1m[35m (62.1ms)[0m  [1m[36mcommit transaction[0m
  [1m[36mUser Load (0.1ms)[0m  [1m[34mSELECT "users".* FROM "users"[0m
  [1m[35m (0.0ms)[0m  [1m[36mbegin transaction[0m
  [1m[36mGossip Create (0.2ms)[0m  [1m[32mINSERT INTO "gossips" ("title", "content", "user_id", "created_at", "updated_at") VALUES (?, ?, ?, ?, ?)[0m  [["title", "Nesciunt eveniet et non."], ["content", "Et reprehenderit ut. Voluptas omnis cum. Esse nisi distinctio."], ["user_id", 10], ["created_at", "2020-10-22 20:03:31.714737"], ["updated_at", "2020-10-22 20:03:31.714737"]]
  [1m[35m (78.0ms)[0m  [1m[36mcommit transaction[0m
  [1m[36mUser Load (0.1ms)[0m  [1m[34mSELECT "users".* FROM "users"[0m
  [1m[35m (0.0ms)[0m  [1m[36mbegin transaction[0m
  [1m[36mGossip Create (0.2ms)[0m  [1m[32mINSERT INTO "gossips" ("title", "content", "user_id", "created_at", "updated_at") VALUES (?, ?, ?, ?, ?)[0m  [["title", "Voluptatem rerum accusantium dolorem."], ["content", "Quas doloremque et. Sed laboriosam maiores. Ducimus totam sint."], ["user_id", 9], ["created_at", "2020-10-22 20:03:31.798303"], ["updated_at", "2020-10-22 20:03:31.798303"]]
  [1m[35m (78.0ms)[0m  [1m[36mcommit transaction[0m
  [1m[36mUser Load (0.4ms)[0m  [1m[34mSELECT "users".* FROM "users"[0m
  [1m[35m (0.2ms)[0m  [1m[36mbegin transaction[0m
  [1m[36mGossip Create (0.5ms)[0m  [1m[32mINSERT INTO "gossips" ("title", "content", "user_id", "created_at", "updated_at") VALUES (?, ?, ?, ?, ?)[0m  [["title", "Impedit deserunt labore officiis."], ["content", "Aut ducimus autem. Vitae quas ullam. Eum quia enim."], ["user_id", 1], ["created_at", "2020-10-22 20:03:31.891983"], ["updated_at", "2020-10-22 20:03:31.891983"]]
  [1m[35m (71.0ms)[0m  [1m[36mcommit transaction[0m
  [1m[36mUser Load (0.1ms)[0m  [1m[34mSELECT "users".* FROM "users"[0m
  [1m[35m (0.1ms)[0m  [1m[36mbegin transaction[0m
  [1m[36mGossip Create (0.3ms)[0m  [1m[32mINSERT INTO "gossips" ("title", "content", "user_id", "created_at", "updated_at") VALUES (?, ?, ?, ?, ?)[0m  [["title", "Iste tempore eaque quae."], ["content", "Iusto rerum fugit. Officiis et omnis. Est nihil dignissimos."], ["user_id", 8], ["created_at", "2020-10-22 20:03:31.973686"], ["updated_at", "2020-10-22 20:03:31.973686"]]
  [1m[35m (68.7ms)[0m  [1m[36mcommit transaction[0m
  [1m[36mUser Load (0.1ms)[0m  [1m[34mSELECT "users".* FROM "users"[0m
  [1m[35m (0.0ms)[0m  [1m[36mbegin transaction[0m
  [1m[36mGossip Create (0.2ms)[0m  [1m[32mINSERT INTO "gossips" ("title", "content", "user_id", "created_at", "updated_at") VALUES (?, ?, ?, ?, ?)[0m  [["title", "Maiores voluptatem possimus provident."], ["content", "Odio nobis ratione. Architecto omnis officiis. Excepturi quidem nihil."], ["user_id", 7], ["created_at", "2020-10-22 20:03:32.048694"], ["updated_at", "2020-10-22 20:03:32.048694"]]
  [1m[35m (69.5ms)[0m  [1m[36mcommit transaction[0m
  [1m[36mUser Load (0.6ms)[0m  [1m[34mSELECT "users".* FROM "users"[0m
  [1m[35m (0.2ms)[0m  [1m[36mbegin transaction[0m
  [1m[36mGossip Create (1.0ms)[0m  [1m[32mINSERT INTO "gossips" ("title", "content", "user_id", "created_at", "updated_at") VALUES (?, ?, ?, ?, ?)[0m  [["title", "Molestiae corrupti voluptas occaecati."], ["content", "Dolorum sunt possimus. Maiores animi tempora. Et optio est."], ["user_id", 9], ["created_at", "2020-10-22 20:03:32.134919"], ["updated_at", "2020-10-22 20:03:32.134919"]]
  [1m[35m (63.7ms)[0m  [1m[36mcommit transaction[0m
  [1m[36mUser Load (0.1ms)[0m  [1m[34mSELECT "users".* FROM "users"[0m
  [1m[35m (0.0ms)[0m  [1m[36mbegin transaction[0m
  [1m[36mGossip Create (0.2ms)[0m  [1m[32mINSERT INTO "gossips" ("title", "content", "user_id", "created_at", "updated_at") VALUES (?, ?, ?, ?, ?)[0m  [["title", "In ex eos quam."], ["content", "Aut doloremque molestiae. Error ipsam a. Qui sit quo."], ["user_id", 4], ["created_at", "2020-10-22 20:03:32.215372"], ["updated_at", "2020-10-22 20:03:32.215372"]]
  [1m[35m (70.0ms)[0m  [1m[36mcommit transaction[0m
  [1m[36mUser Load (0.1ms)[0m  [1m[34mSELECT "users".* FROM "users"[0m
  [1m[35m (0.0ms)[0m  [1m[36mbegin transaction[0m
  [1m[36mGossip Create (0.2ms)[0m  [1m[32mINSERT INTO "gossips" ("title", "content", "user_id", "created_at", "updated_at") VALUES (?, ?, ?, ?, ?)[0m  [["title", "Quia error fugiat reiciendis."], ["content", "Aperiam nemo totam. Sit magni non. Debitis molestiae aperiam."], ["user_id", 6], ["created_at", "2020-10-22 20:03:32.290220"], ["updated_at", "2020-10-22 20:03:32.290220"]]
  [1m[35m (73.3ms)[0m  [1m[36mcommit transaction[0m
  [1m[36mTag Load (0.4ms)[0m  [1m[34mSELECT "tags".* FROM "tags"[0m
  [1m[36mGossip Load (0.5ms)[0m  [1m[34mSELECT "gossips".* FROM "gossips"[0m
  [1m[35m (0.1ms)[0m  [1m[36mbegin transaction[0m
  [1m[36mGossip Load (0.2ms)[0m  [1m[34mSELECT "gossips".* FROM "gossips" WHERE "gossips"."id" = ? LIMIT ?[0m  [["id", 18], ["LIMIT", 1]]
  [1m[36mTag Load (0.1ms)[0m  [1m[34mSELECT "tags".* FROM "tags" WHERE "tags"."id" = ? LIMIT ?[0m  [["id", 10], ["LIMIT", 1]]
  [1m[36mTagGossip Create (0.7ms)[0m  [1m[32mINSERT INTO "tag_gossips" ("tag_id", "gossip_id", "created_at", "updated_at") VALUES (?, ?, ?, ?)[0m  [["tag_id", 10], ["gossip_id", 18], ["created_at", "2020-10-22 20:03:32.406076"], ["updated_at", "2020-10-22 20:03:32.406076"]]
  [1m[35m (88.6ms)[0m  [1m[36mcommit transaction[0m
  [1m[36mTag Load (0.1ms)[0m  [1m[34mSELECT "tags".* FROM "tags"[0m
  [1m[36mGossip Load (0.2ms)[0m  [1m[34mSELECT "gossips".* FROM "gossips"[0m
  [1m[35m (0.0ms)[0m  [1m[36mbegin transaction[0m
  [1m[36mGossip Load (0.1ms)[0m  [1m[34mSELECT "gossips".* FROM "gossips" WHERE "gossips"."id" = ? LIMIT ?[0m  [["id", 16], ["LIMIT", 1]]
  [1m[36mTag Load (0.0ms)[0m  [1m[34mSELECT "tags".* FROM "tags" WHERE "tags"."id" = ? LIMIT ?[0m  [["id", 2], ["LIMIT", 1]]
  [1m[36mTagGossip Create (0.5ms)[0m  [1m[32mINSERT INTO "tag_gossips" ("tag_id", "gossip_id", "created_at", "updated_at") VALUES (?, ?, ?, ?)[0m  [["tag_id", 2], ["gossip_id", 16], ["created_at", "2020-10-22 20:03:32.505605"], ["updated_at", "2020-10-22 20:03:32.505605"]]
  [1m[35m (81.6ms)[0m  [1m[36mcommit transaction[0m
  [1m[36mTag Load (0.1ms)[0m  [1m[34mSELECT "tags".* FROM "tags"[0m
  [1m[36mGossip Load (0.1ms)[0m  [1m[34mSELECT "gossips".* FROM "gossips"[0m
  [1m[35m (0.0ms)[0m  [1m[36mbegin transaction[0m
  [1m[36mGossip Load (0.1ms)[0m  [1m[34mSELECT "gossips".* FROM "gossips" WHERE "gossips"."id" = ? LIMIT ?[0m  [["id", 16], ["LIMIT", 1]]
  [1m[36mTag Load (0.0ms)[0m  [1m[34mSELECT "tags".* FROM "tags" WHERE "tags"."id" = ? LIMIT ?[0m  [["id", 7], ["LIMIT", 1]]
  [1m[36mTagGossip Create (0.2ms)[0m  [1m[32mINSERT INTO "tag_gossips" ("tag_id", "gossip_id", "created_at", "updated_at") VALUES (?, ?, ?, ?)[0m  [["tag_id", 7], ["gossip_id", 16], ["created_at", "2020-10-22 20:03:32.595837"], ["updated_at", "2020-10-22 20:03:32.595837"]]
  [1m[35m (83.4ms)[0m  [1m[36mcommit transaction[0m
  [1m[36mTag Load (0.2ms)[0m  [1m[34mSELECT "tags".* FROM "tags"[0m
  [1m[36mGossip Load (0.2ms)[0m  [1m[34mSELECT "gossips".* FROM "gossips"[0m
  [1m[35m (0.1ms)[0m  [1m[36mbegin transaction[0m
  [1m[36mGossip Load (0.1ms)[0m  [1m[34mSELECT "gossips".* FROM "gossips" WHERE "gossips"."id" = ? LIMIT ?[0m  [["id", 5], ["LIMIT", 1]]
  [1m[36mTag Load (0.1ms)[0m  [1m[34mSELECT "tags".* FROM "tags" WHERE "tags"."id" = ? LIMIT ?[0m  [["id", 7], ["LIMIT", 1]]
  [1m[36mTagGossip Create (0.4ms)[0m  [1m[32mINSERT INTO "tag_gossips" ("tag_id", "gossip_id", "created_at", "updated_at") VALUES (?, ?, ?, ?)[0m  [["tag_id", 7], ["gossip_id", 5], ["created_at", "2020-10-22 20:03:32.691826"], ["updated_at", "2020-10-22 20:03:32.691826"]]
  [1m[35m (86.1ms)[0m  [1m[36mcommit transaction[0m
  [1m[36mTag Load (0.1ms)[0m  [1m[34mSELECT "tags".* FROM "tags"[0m
  [1m[36mGossip Load (0.1ms)[0m  [1m[34mSELECT "gossips".* FROM "gossips"[0m
  [1m[35m (0.0ms)[0m  [1m[36mbegin transaction[0m
  [1m[36mGossip Load (0.1ms)[0m  [1m[34mSELECT "gossips".* FROM "gossips" WHERE "gossips"."id" = ? LIMIT ?[0m  [["id", 13], ["LIMIT", 1]]
  [1m[36mTag Load (0.0ms)[0m  [1m[34mSELECT "tags".* FROM "tags" WHERE "tags"."id" = ? LIMIT ?[0m  [["id", 1], ["LIMIT", 1]]
  [1m[36mTagGossip Create (0.3ms)[0m  [1m[32mINSERT INTO "tag_gossips" ("tag_id", "gossip_id", "created_at", "updated_at") VALUES (?, ?, ?, ?)[0m  [["tag_id", 1], ["gossip_id", 13], ["created_at", "2020-10-22 20:03:32.788256"], ["updated_at", "2020-10-22 20:03:32.788256"]]
  [1m[35m (82.1ms)[0m  [1m[36mcommit transaction[0m
  [1m[36mTag Load (0.2ms)[0m  [1m[34mSELECT "tags".* FROM "tags"[0m
  [1m[36mGossip Load (0.4ms)[0m  [1m[34mSELECT "gossips".* FROM "gossips"[0m
  [1m[35m (0.1ms)[0m  [1m[36mbegin transaction[0m
  [1m[36mGossip Load (0.2ms)[0m  [1m[34mSELECT "gossips".* FROM "gossips" WHERE "gossips"."id" = ? LIMIT ?[0m  [["id", 15], ["LIMIT", 1]]
  [1m[36mTag Load (0.1ms)[0m  [1m[34mSELECT "tags".* FROM "tags" WHERE "tags"."id" = ? LIMIT ?[0m  [["id", 7], ["LIMIT", 1]]
  [1m[36mTagGossip Create (0.5ms)[0m  [1m[32mINSERT INTO "tag_gossips" ("tag_id", "gossip_id", "created_at", "updated_at") VALUES (?, ?, ?, ?)[0m  [["tag_id", 7], ["gossip_id", 15], ["created_at", "2020-10-22 20:03:32.893289"], ["updated_at", "2020-10-22 20:03:32.893289"]]
  [1m[35m (75.0ms)[0m  [1m[36mcommit transaction[0m
  [1m[36mTag Load (0.1ms)[0m  [1m[34mSELECT "tags".* FROM "tags"[0m
  [1m[36mGossip Load (0.2ms)[0m  [1m[34mSELECT "gossips".* FROM "gossips"[0m
  [1m[35m (0.1ms)[0m  [1m[36mbegin transaction[0m
  [1m[36mGossip Load (0.1ms)[0m  [1m[34mSELECT "gossips".* FROM "gossips" WHERE "gossips"."id" = ? LIMIT ?[0m  [["id", 19], ["LIMIT", 1]]
  [1m[36mTag Load (0.1ms)[0m  [1m[34mSELECT "tags".* FROM "tags" WHERE "tags"."id" = ? LIMIT ?[0m  [["id", 10], ["LIMIT", 1]]
  [1m[36mTagGossip Create (0.4ms)[0m  [1m[32mINSERT INTO "tag_gossips" ("tag_id", "gossip_id", "created_at", "updated_at") VALUES (?, ?, ?, ?)[0m  [["tag_id", 10], ["gossip_id", 19], ["created_at", "2020-10-22 20:03:32.984256"], ["updated_at", "2020-10-22 20:03:32.984256"]]
  [1m[35m (68.7ms)[0m  [1m[36mcommit transaction[0m
  [1m[36mTag Load (0.1ms)[0m  [1m[34mSELECT "tags".* FROM "tags"[0m
  [1m[36mGossip Load (0.1ms)[0m  [1m[34mSELECT "gossips".* FROM "gossips"[0m
  [1m[35m (0.0ms)[0m  [1m[36mbegin transaction[0m
  [1m[36mGossip Load (0.1ms)[0m  [1m[34mSELECT "gossips".* FROM "gossips" WHERE "gossips"."id" = ? LIMIT ?[0m  [["id", 12], ["LIMIT", 1]]
  [1m[36mTag Load (0.1ms)[0m  [1m[34mSELECT "tags".* FROM "tags" WHERE "tags"."id" = ? LIMIT ?[0m  [["id", 10], ["LIMIT", 1]]
  [1m[36mTagGossip Create (0.3ms)[0m  [1m[32mINSERT INTO "tag_gossips" ("tag_id", "gossip_id", "created_at", "updated_at") VALUES (?, ?, ?, ?)[0m  [["tag_id", 10], ["gossip_id", 12], ["created_at", "2020-10-22 20:03:33.063594"], ["updated_at", "2020-10-22 20:03:33.063594"]]
  [1m[35m (82.1ms)[0m  [1m[36mcommit transaction[0m
  [1m[36mTag Load (0.1ms)[0m  [1m[34mSELECT "tags".* FROM "tags"[0m
  [1m[36mGossip Load (0.1ms)[0m  [1m[34mSELECT "gossips".* FROM "gossips"[0m
  [1m[35m (0.0ms)[0m  [1m[36mbegin transaction[0m
  [1m[36mGossip Load (0.1ms)[0m  [1m[34mSELECT "gossips".* FROM "gossips" WHERE "gossips"."id" = ? LIMIT ?[0m  [["id", 3], ["LIMIT", 1]]
  [1m[36mTag Load (0.0ms)[0m  [1m[34mSELECT "tags".* FROM "tags" WHERE "tags"."id" = ? LIMIT ?[0m  [["id", 10], ["LIMIT", 1]]
  [1m[36mTagGossip Create (0.2ms)[0m  [1m[32mINSERT INTO "tag_gossips" ("tag_id", "gossip_id", "created_at", "updated_at") VALUES (?, ?, ?, ?)[0m  [["tag_id", 10], ["gossip_id", 3], ["created_at", "2020-10-22 20:03:33.153371"], ["updated_at", "2020-10-22 20:03:33.153371"]]
  [1m[35m (85.3ms)[0m  [1m[36mcommit transaction[0m
  [1m[36mTag Load (0.3ms)[0m  [1m[34mSELECT "tags".* FROM "tags"[0m
  [1m[36mGossip Load (0.3ms)[0m  [1m[34mSELECT "gossips".* FROM "gossips"[0m
  [1m[35m (0.1ms)[0m  [1m[36mbegin transaction[0m
  [1m[36mGossip Load (0.2ms)[0m  [1m[34mSELECT "gossips".* FROM "gossips" WHERE "gossips"."id" = ? LIMIT ?[0m  [["id", 20], ["LIMIT", 1]]
  [1m[36mTag Load (0.1ms)[0m  [1m[34mSELECT "tags".* FROM "tags" WHERE "tags"."id" = ? LIMIT ?[0m  [["id", 3], ["LIMIT", 1]]
  [1m[36mTagGossip Create (0.4ms)[0m  [1m[32mINSERT INTO "tag_gossips" ("tag_id", "gossip_id", "created_at", "updated_at") VALUES (?, ?, ?, ?)[0m  [["tag_id", 3], ["gossip_id", 20], ["created_at", "2020-10-22 20:03:33.258086"], ["updated_at", "2020-10-22 20:03:33.258086"]]
  [1m[35m (77.5ms)[0m  [1m[36mcommit transaction[0m
  [1m[36mTag Load (0.1ms)[0m  [1m[34mSELECT "tags".* FROM "tags"[0m
  [1m[36mGossip Load (0.1ms)[0m  [1m[34mSELECT "gossips".* FROM "gossips"[0m
  [1m[35m (0.1ms)[0m  [1m[36mbegin transaction[0m
  [1m[36mGossip Load (0.1ms)[0m  [1m[34mSELECT "gossips".* FROM "gossips" WHERE "gossips"."id" = ? LIMIT ?[0m  [["id", 4], ["LIMIT", 1]]
  [1m[36mTag Load (0.1ms)[0m  [1m[34mSELECT "tags".* FROM "tags" WHERE "tags"."id" = ? LIMIT ?[0m  [["id", 2], ["LIMIT", 1]]
  [1m[36mTagGossip Create (0.6ms)[0m  [1m[32mINSERT INTO "tag_gossips" ("tag_id", "gossip_id", "created_at", "updated_at") VALUES (?, ?, ?, ?)[0m  [["tag_id", 2], ["gossip_id", 4], ["created_at", "2020-10-22 20:03:33.348001"], ["updated_at", "2020-10-22 20:03:33.348001"]]
  [1m[35m (80.6ms)[0m  [1m[36mcommit transaction[0m
  [1m[36mTag Load (0.2ms)[0m  [1m[34mSELECT "tags".* FROM "tags"[0m
  [1m[36mGossip Load (0.3ms)[0m  [1m[34mSELECT "gossips".* FROM "gossips"[0m
  [1m[35m (0.1ms)[0m  [1m[36mbegin transaction[0m
  [1m[36mGossip Load (0.2ms)[0m  [1m[34mSELECT "gossips".* FROM "gossips" WHERE "gossips"."id" = ? LIMIT ?[0m  [["id", 12], ["LIMIT", 1]]
  [1m[36mTag Load (0.1ms)[0m  [1m[34mSELECT "tags".* FROM "tags" WHERE "tags"."id" = ? LIMIT ?[0m  [["id", 10], ["LIMIT", 1]]
  [1m[36mTagGossip Create (0.5ms)[0m  [1m[32mINSERT INTO "tag_gossips" ("tag_id", "gossip_id", "created_at", "updated_at") VALUES (?, ?, ?, ?)[0m  [["tag_id", 10], ["gossip_id", 12], ["created_at", "2020-10-22 20:03:33.450089"], ["updated_at", "2020-10-22 20:03:33.450089"]]
  [1m[35m (77.3ms)[0m  [1m[36mcommit transaction[0m
  [1m[36mTag Load (0.1ms)[0m  [1m[34mSELECT "tags".* FROM "tags"[0m
  [1m[36mGossip Load (0.1ms)[0m  [1m[34mSELECT "gossips".* FROM "gossips"[0m
  [1m[35m (0.0ms)[0m  [1m[36mbegin transaction[0m
  [1m[36mGossip Load (0.1ms)[0m  [1m[34mSELECT "gossips".* FROM "gossips" WHERE "gossips"."id" = ? LIMIT ?[0m  [["id", 1], ["LIMIT", 1]]
  [1m[36mTag Load (0.0ms)[0m  [1m[34mSELECT "tags".* FROM "tags" WHERE "tags"."id" = ? LIMIT ?[0m  [["id", 8], ["LIMIT", 1]]
  [1m[36mTagGossip Create (0.2ms)[0m  [1m[32mINSERT INTO "tag_gossips" ("tag_id", "gossip_id", "created_at", "updated_at") VALUES (?, ?, ?, ?)[0m  [["tag_id", 8], ["gossip_id", 1], ["created_at", "2020-10-22 20:03:33.537058"], ["updated_at", "2020-10-22 20:03:33.537058"]]
  [1m[35m (84.1ms)[0m  [1m[36mcommit transaction[0m
  [1m[36mTag Load (0.4ms)[0m  [1m[34mSELECT "tags".* FROM "tags"[0m
  [1m[36mGossip Load (0.4ms)[0m  [1m[34mSELECT "gossips".* FROM "gossips"[0m
  [1m[35m (0.2ms)[0m  [1m[36mbegin transaction[0m
  [1m[36mGossip Load (0.3ms)[0m  [1m[34mSELECT "gossips".* FROM "gossips" WHERE "gossips"."id" = ? LIMIT ?[0m  [["id", 5], ["LIMIT", 1]]
  [1m[36mTag Load (0.2ms)[0m  [1m[34mSELECT "tags".* FROM "tags" WHERE "tags"."id" = ? LIMIT ?[0m  [["id", 5], ["LIMIT", 1]]
  [1m[36mTagGossip Create (0.9ms)[0m  [1m[32mINSERT INTO "tag_gossips" ("tag_id", "gossip_id", "created_at", "updated_at") VALUES (?, ?, ?, ?)[0m  [["tag_id", 5], ["gossip_id", 5], ["created_at", "2020-10-22 20:03:33.648780"], ["updated_at", "2020-10-22 20:03:33.648780"]]
  [1m[35m (76.2ms)[0m  [1m[36mcommit transaction[0m
  [1m[36mTag Load (0.2ms)[0m  [1m[34mSELECT "tags".* FROM "tags"[0m
  [1m[36mGossip Load (0.3ms)[0m  [1m[34mSELECT "gossips".* FROM "gossips"[0m
  [1m[35m (0.1ms)[0m  [1m[36mbegin transaction[0m
  [1m[36mGossip Load (0.1ms)[0m  [1m[34mSELECT "gossips".* FROM "gossips" WHERE "gossips"."id" = ? LIMIT ?[0m  [["id", 11], ["LIMIT", 1]]
  [1m[36mTag Load (0.1ms)[0m  [1m[34mSELECT "tags".* FROM "tags" WHERE "tags"."id" = ? LIMIT ?[0m  [["id", 3], ["LIMIT", 1]]
  [1m[36mTagGossip Create (0.4ms)[0m  [1m[32mINSERT INTO "tag_gossips" ("tag_id", "gossip_id", "created_at", "updated_at") VALUES (?, ?, ?, ?)[0m  [["tag_id", 3], ["gossip_id", 11], ["created_at", "2020-10-22 20:03:33.744032"], ["updated_at", "2020-10-22 20:03:33.744032"]]
  [1m[35m (84.3ms)[0m  [1m[36mcommit transaction[0m
  [1m[36mTag Load (0.1ms)[0m  [1m[34mSELECT "tags".* FROM "tags"[0m
  [1m[36mGossip Load (0.1ms)[0m  [1m[34mSELECT "gossips".* FROM "gossips"[0m
  [1m[35m (0.0ms)[0m  [1m[36mbegin transaction[0m
  [1m[36mGossip Load (0.1ms)[0m  [1m[34mSELECT "gossips".* FROM "gossips" WHERE "gossips"."id" = ? LIMIT ?[0m  [["id", 3], ["LIMIT", 1]]
  [1m[36mTag Load (0.1ms)[0m  [1m[34mSELECT "tags".* FROM "tags" WHERE "tags"."id" = ? LIMIT ?[0m  [["id", 4], ["LIMIT", 1]]
  [1m[36mTagGossip Create (0.2ms)[0m  [1m[32mINSERT INTO "tag_gossips" ("tag_id", "gossip_id", "created_at", "updated_at") VALUES (?, ?, ?, ?)[0m  [["tag_id", 4], ["gossip_id", 3], ["created_at", "2020-10-22 20:03:33.837499"], ["updated_at", "2020-10-22 20:03:33.837499"]]
  [1m[35m (75.1ms)[0m  [1m[36mcommit transaction[0m
  [1m[36mTag Load (0.5ms)[0m  [1m[34mSELECT "tags".* FROM "tags"[0m
  [1m[36mGossip Load (0.4ms)[0m  [1m[34mSELECT "gossips".* FROM "gossips"[0m
  [1m[35m (0.1ms)[0m  [1m[36mbegin transaction[0m
  [1m[36mGossip Load (0.1ms)[0m  [1m[34mSELECT "gossips".* FROM "gossips" WHERE "gossips"."id" = ? LIMIT ?[0m  [["id", 10], ["LIMIT", 1]]
  [1m[36mTag Load (0.1ms)[0m  [1m[34mSELECT "tags".* FROM "tags" WHERE "tags"."id" = ? LIMIT ?[0m  [["id", 5], ["LIMIT", 1]]
  [1m[36mTagGossip Create (0.3ms)[0m  [1m[32mINSERT INTO "tag_gossips" ("tag_id", "gossip_id", "created_at", "updated_at") VALUES (?, ?, ?, ?)[0m  [["tag_id", 5], ["gossip_id", 10], ["created_at", "2020-10-22 20:03:33.932155"], ["updated_at", "2020-10-22 20:03:33.932155"]]
  [1m[35m (79.6ms)[0m  [1m[36mcommit transaction[0m
  [1m[36mTag Load (0.2ms)[0m  [1m[34mSELECT "tags".* FROM "tags"[0m
  [1m[36mGossip Load (0.2ms)[0m  [1m[34mSELECT "gossips".* FROM "gossips"[0m
  [1m[35m (0.1ms)[0m  [1m[36mbegin transaction[0m
  [1m[36mGossip Load (0.1ms)[0m  [1m[34mSELECT "gossips".* FROM "gossips" WHERE "gossips"."id" = ? LIMIT ?[0m  [["id", 20], ["LIMIT", 1]]
  [1m[36mTag Load (0.1ms)[0m  [1m[34mSELECT "tags".* FROM "tags" WHERE "tags"."id" = ? LIMIT ?[0m  [["id", 4], ["LIMIT", 1]]
  [1m[36mTagGossip Create (0.4ms)[0m  [1m[32mINSERT INTO "tag_gossips" ("tag_id", "gossip_id", "created_at", "updated_at") VALUES (?, ?, ?, ?)[0m  [["tag_id", 4], ["gossip_id", 20], ["created_at", "2020-10-22 20:03:34.025910"], ["updated_at", "2020-10-22 20:03:34.025910"]]
  [1m[35m (69.3ms)[0m  [1m[36mcommit transaction[0m
  [1m[36mTag Load (0.4ms)[0m  [1m[34mSELECT "tags".* FROM "tags"[0m
  [1m[36mGossip Load (0.4ms)[0m  [1m[34mSELECT "gossips".* FROM "gossips"[0m
  [1m[35m (0.2ms)[0m  [1m[36mbegin transaction[0m
  [1m[36mGossip Load (0.4ms)[0m  [1m[34mSELECT "gossips".* FROM "gossips" WHERE "gossips"."id" = ? LIMIT ?[0m  [["id", 7], ["LIMIT", 1]]
  [1m[36mTag Load (0.2ms)[0m  [1m[34mSELECT "tags".* FROM "tags" WHERE "tags"."id" = ? LIMIT ?[0m  [["id", 5], ["LIMIT", 1]]
  [1m[36mTagGossip Create (1.1ms)[0m  [1m[32mINSERT INTO "tag_gossips" ("tag_id", "gossip_id", "created_at", "updated_at") VALUES (?, ?, ?, ?)[0m  [["tag_id", 5], ["gossip_id", 7], ["created_at", "2020-10-22 20:03:34.127946"], ["updated_at", "2020-10-22 20:03:34.127946"]]
  [1m[35m (80.0ms)[0m  [1m[36mcommit transaction[0m
  [1m[36mTag Load (0.4ms)[0m  [1m[34mSELECT "tags".* FROM "tags"[0m
  [1m[36mGossip Load (0.5ms)[0m  [1m[34mSELECT "gossips".* FROM "gossips"[0m
  [1m[35m (0.3ms)[0m  [1m[36mbegin transaction[0m
  [1m[36mGossip Load (0.4ms)[0m  [1m[34mSELECT "gossips".* FROM "gossips" WHERE "gossips"."id" = ? LIMIT ?[0m  [["id", 1], ["LIMIT", 1]]
  [1m[36mTag Load (0.1ms)[0m  [1m[34mSELECT "tags".* FROM "tags" WHERE "tags"."id" = ? LIMIT ?[0m  [["id", 9], ["LIMIT", 1]]
  [1m[36mTagGossip Create (0.5ms)[0m  [1m[32mINSERT INTO "tag_gossips" ("tag_id", "gossip_id", "created_at", "updated_at") VALUES (?, ?, ?, ?)[0m  [["tag_id", 9], ["gossip_id", 1], ["created_at", "2020-10-22 20:03:34.248862"], ["updated_at", "2020-10-22 20:03:34.248862"]]
  [1m[35m (69.7ms)[0m  [1m[36mcommit transaction[0m
  [1m[36mTag Load (0.1ms)[0m  [1m[34mSELECT "tags".* FROM "tags"[0m
  [1m[36mGossip Load (0.1ms)[0m  [1m[34mSELECT "gossips".* FROM "gossips"[0m
  [1m[35m (0.1ms)[0m  [1m[36mbegin transaction[0m
  [1m[36mGossip Load (0.1ms)[0m  [1m[34mSELECT "gossips".* FROM "gossips" WHERE "gossips"."id" = ? LIMIT ?[0m  [["id", 17], ["LIMIT", 1]]
  [1m[36mTag Load (0.1ms)[0m  [1m[34mSELECT "tags".* FROM "tags" WHERE "tags"."id" = ? LIMIT ?[0m  [["id", 9], ["LIMIT", 1]]
  [1m[36mTagGossip Create (0.4ms)[0m  [1m[32mINSERT INTO "tag_gossips" ("tag_id", "gossip_id", "created_at", "updated_at") VALUES (?, ?, ?, ?)[0m  [["tag_id", 9], ["gossip_id", 17], ["created_at", "2020-10-22 20:03:34.332489"], ["updated_at", "2020-10-22 20:03:34.332489"]]
  [1m[35m (71.2ms)[0m  [1m[36mcommit transaction[0m
  [1m[36mTag Load (0.2ms)[0m  [1m[34mSELECT "tags".* FROM "tags"[0m
  [1m[36mGossip Load (0.2ms)[0m  [1m[34mSELECT "gossips".* FROM "gossips"[0m
  [1m[35m (0.1ms)[0m  [1m[36mbegin transaction[0m
  [1m[36mGossip Load (0.1ms)[0m  [1m[34mSELECT "gossips".* FROM "gossips" WHERE "gossips"."id" = ? LIMIT ?[0m  [["id", 9], ["LIMIT", 1]]
  [1m[36mTag Load (0.1ms)[0m  [1m[34mSELECT "tags".* FROM "tags" WHERE "tags"."id" = ? LIMIT ?[0m  [["id", 5], ["LIMIT", 1]]
  [1m[36mTagGossip Create (0.4ms)[0m  [1m[32mINSERT INTO "tag_gossips" ("tag_id", "gossip_id", "created_at", "updated_at") VALUES (?, ?, ?, ?)[0m  [["tag_id", 5], ["gossip_id", 9], ["created_at", "2020-10-22 20:03:34.416381"], ["updated_at", "2020-10-22 20:03:34.416381"]]
  [1m[35m (78.6ms)[0m  [1m[36mcommit transaction[0m
  [1m[36mTag Load (0.1ms)[0m  [1m[34mSELECT "tags".* FROM "tags"[0m
  [1m[36mGossip Load (0.1ms)[0m  [1m[34mSELECT "gossips".* FROM "gossips"[0m
  [1m[35m (0.0ms)[0m  [1m[36mbegin transaction[0m
  [1m[36mGossip Load (0.1ms)[0m  [1m[34mSELECT "gossips".* FROM "gossips" WHERE "gossips"."id" = ? LIMIT ?[0m  [["id", 16], ["LIMIT", 1]]
  [1m[36mTag Load (0.0ms)[0m  [1m[34mSELECT "tags".* FROM "tags" WHERE "tags"."id" = ? LIMIT ?[0m  [["id", 10], ["LIMIT", 1]]
  [1m[36mTagGossip Create (0.2ms)[0m  [1m[32mINSERT INTO "tag_gossips" ("tag_id", "gossip_id", "created_at", "updated_at") VALUES (?, ?, ?, ?)[0m  [["tag_id", 10], ["gossip_id", 16], ["created_at", "2020-10-22 20:03:34.504396"], ["updated_at", "2020-10-22 20:03:34.504396"]]
  [1m[35m (66.6ms)[0m  [1m[36mcommit transaction[0m
  [1m[36mTag Load (0.4ms)[0m  [1m[34mSELECT "tags".* FROM "tags"[0m
  [1m[36mGossip Load (0.2ms)[0m  [1m[34mSELECT "gossips".* FROM "gossips"[0m
  [1m[35m (0.1ms)[0m  [1m[36mbegin transaction[0m
  [1m[36mGossip Load (0.1ms)[0m  [1m[34mSELECT "gossips".* FROM "gossips" WHERE "gossips"."id" = ? LIMIT ?[0m  [["id", 20], ["LIMIT", 1]]
  [1m[36mTag Load (0.1ms)[0m  [1m[34mSELECT "tags".* FROM "tags" WHERE "tags"."id" = ? LIMIT ?[0m  [["id", 4], ["LIMIT", 1]]
  [1m[36mTagGossip Create (0.3ms)[0m  [1m[32mINSERT INTO "tag_gossips" ("tag_id", "gossip_id", "created_at", "updated_at") VALUES (?, ?, ?, ?)[0m  [["tag_id", 4], ["gossip_id", 20], ["created_at", "2020-10-22 20:03:34.588999"], ["updated_at", "2020-10-22 20:03:34.588999"]]
  [1m[35m (81.4ms)[0m  [1m[36mcommit transaction[0m
  [1m[36mTag Load (0.2ms)[0m  [1m[34mSELECT "tags".* FROM "tags"[0m
  [1m[36mGossip Load (0.2ms)[0m  [1m[34mSELECT "gossips".* FROM "gossips"[0m
  [1m[35m (0.1ms)[0m  [1m[36mbegin transaction[0m
  [1m[36mGossip Load (0.1ms)[0m  [1m[34mSELECT "gossips".* FROM "gossips" WHERE "gossips"."id" = ? LIMIT ?[0m  [["id", 6], ["LIMIT", 1]]
  [1m[36mTag Load (0.1ms)[0m  [1m[34mSELECT "tags".* FROM "tags" WHERE "tags"."id" = ? LIMIT ?[0m  [["id", 2], ["LIMIT", 1]]
  [1m[36mTagGossip Create (0.5ms)[0m  [1m[32mINSERT INTO "tag_gossips" ("tag_id", "gossip_id", "created_at", "updated_at") VALUES (?, ?, ?, ?)[0m  [["tag_id", 2], ["gossip_id", 6], ["created_at", "2020-10-22 20:03:34.686001"], ["updated_at", "2020-10-22 20:03:34.686001"]]
  [1m[35m (75.0ms)[0m  [1m[36mcommit transaction[0m
  [1m[36mTag Load (0.1ms)[0m  [1m[34mSELECT "tags".* FROM "tags"[0m
  [1m[36mGossip Load (0.1ms)[0m  [1m[34mSELECT "gossips".* FROM "gossips"[0m
  [1m[35m (0.0ms)[0m  [1m[36mbegin transaction[0m
  [1m[36mGossip Load (0.1ms)[0m  [1m[34mSELECT "gossips".* FROM "gossips" WHERE "gossips"."id" = ? LIMIT ?[0m  [["id", 19], ["LIMIT", 1]]
  [1m[36mTag Load (0.1ms)[0m  [1m[34mSELECT "tags".* FROM "tags" WHERE "tags"."id" = ? LIMIT ?[0m  [["id", 10], ["LIMIT", 1]]
  [1m[36mTagGossip Create (0.3ms)[0m  [1m[32mINSERT INTO "tag_gossips" ("tag_id", "gossip_id", "created_at", "updated_at") VALUES (?, ?, ?, ?)[0m  [["tag_id", 10], ["gossip_id", 19], ["created_at", "2020-10-22 20:03:34.772308"], ["updated_at", "2020-10-22 20:03:34.772308"]]
  [1m[35m (81.1ms)[0m  [1m[36mcommit transaction[0m
  [1m[36mTag Load (0.1ms)[0m  [1m[34mSELECT "tags".* FROM "tags"[0m
  [1m[36mGossip Load (0.1ms)[0m  [1m[34mSELECT "gossips".* FROM "gossips"[0m
  [1m[35m (0.0ms)[0m  [1m[36mbegin transaction[0m
  [1m[36mGossip Load (0.1ms)[0m  [1m[34mSELECT "gossips".* FROM "gossips" WHERE "gossips"."id" = ? LIMIT ?[0m  [["id", 4], ["LIMIT", 1]]
  [1m[36mTag Load (0.0ms)[0m  [1m[34mSELECT "tags".* FROM "tags" WHERE "tags"."id" = ? LIMIT ?[0m  [["id", 6], ["LIMIT", 1]]
  [1m[36mTagGossip Create (0.2ms)[0m  [1m[32mINSERT INTO "tag_gossips" ("tag_id", "gossip_id", "created_at", "updated_at") VALUES (?, ?, ?, ?)[0m  [["tag_id", 6], ["gossip_id", 4], ["created_at", "2020-10-22 20:03:34.862626"], ["updated_at", "2020-10-22 20:03:34.862626"]]
  [1m[35m (74.9ms)[0m  [1m[36mcommit transaction[0m
  [1m[36mTag Load (0.3ms)[0m  [1m[34mSELECT "tags".* FROM "tags"[0m
  [1m[36mGossip Load (0.2ms)[0m  [1m[34mSELECT "gossips".* FROM "gossips"[0m
  [1m[35m (0.1ms)[0m  [1m[36mbegin transaction[0m
  [1m[36mGossip Load (0.1ms)[0m  [1m[34mSELECT "gossips".* FROM "gossips" WHERE "gossips"."id" = ? LIMIT ?[0m  [["id", 10], ["LIMIT", 1]]
  [1m[36mTag Load (0.1ms)[0m  [1m[34mSELECT "tags".* FROM "tags" WHERE "tags"."id" = ? LIMIT ?[0m  [["id", 3], ["LIMIT", 1]]
  [1m[36mTagGossip Create (0.3ms)[0m  [1m[32mINSERT INTO "tag_gossips" ("tag_id", "gossip_id", "created_at", "updated_at") VALUES (?, ?, ?, ?)[0m  [["tag_id", 3], ["gossip_id", 10], ["created_at", "2020-10-22 20:03:34.955231"], ["updated_at", "2020-10-22 20:03:34.955231"]]
  [1m[35m (81.6ms)[0m  [1m[36mcommit transaction[0m
  [1m[36mTag Load (0.2ms)[0m  [1m[34mSELECT "tags".* FROM "tags"[0m
  [1m[36mGossip Load (0.3ms)[0m  [1m[34mSELECT "gossips".* FROM "gossips"[0m
  [1m[35m (0.1ms)[0m  [1m[36mbegin transaction[0m
  [1m[36mGossip Load (0.1ms)[0m  [1m[34mSELECT "gossips".* FROM "gossips" WHERE "gossips"."id" = ? LIMIT ?[0m  [["id", 10], ["LIMIT", 1]]
  [1m[36mTag Load (0.1ms)[0m  [1m[34mSELECT "tags".* FROM "tags" WHERE "tags"."id" = ? LIMIT ?[0m  [["id", 3], ["LIMIT", 1]]
  [1m[36mTagGossip Create (0.5ms)[0m  [1m[32mINSERT INTO "tag_gossips" ("tag_id", "gossip_id", "created_at", "updated_at") VALUES (?, ?, ?, ?)[0m  [["tag_id", 3], ["gossip_id", 10], ["created_at", "2020-10-22 20:03:35.054565"], ["updated_at", "2020-10-22 20:03:35.054565"]]
  [1m[35m (80.4ms)[0m  [1m[36mcommit transaction[0m
  [1m[36mTag Load (0.1ms)[0m  [1m[34mSELECT "tags".* FROM "tags"[0m
  [1m[36mGossip Load (0.1ms)[0m  [1m[34mSELECT "gossips".* FROM "gossips"[0m
  [1m[35m (0.0ms)[0m  [1m[36mbegin transaction[0m
  [1m[36mGossip Load (0.1ms)[0m  [1m[34mSELECT "gossips".* FROM "gossips" WHERE "gossips"."id" = ? LIMIT ?[0m  [["id", 19], ["LIMIT", 1]]
  [1m[36mTag Load (0.0ms)[0m  [1m[34mSELECT "tags".* FROM "tags" WHERE "tags"."id" = ? LIMIT ?[0m  [["id", 5], ["LIMIT", 1]]
  [1m[36mTagGossip Create (0.3ms)[0m  [1m[32mINSERT INTO "tag_gossips" ("tag_id", "gossip_id", "created_at", "updated_at") VALUES (?, ?, ?, ?)[0m  [["tag_id", 5], ["gossip_id", 19], ["created_at", "2020-10-22 20:03:35.145736"], ["updated_at", "2020-10-22 20:03:35.145736"]]
  [1m[35m (75.3ms)[0m  [1m[36mcommit transaction[0m
  [1m[35m (0.3ms)[0m  [1m[34mSELECT sqlite_version(*)[0m
  [1m[36mCity Load (0.2ms)[0m  [1m[34mSELECT "cities".* FROM "cities" LIMIT ?[0m  [["LIMIT", 11]]
